node_modules/@types/react-bootstrap/lib/Accordion.d.ts(2,10): error TS2305: Module '"react-bootstrap"' has no exported member 'Sizes'.
node_modules/@types/react-bootstrap/lib/Alert.d.ts(2,10): error TS2305: Module '"react-bootstrap"' has no exported member 'Sizes'.
node_modules/@types/react-bootstrap/lib/Button.d.ts(2,10): error TS2305: Module '"react-bootstrap"' has no exported member 'Sizes'.
node_modules/@types/react-bootstrap/lib/ButtonGroup.d.ts(2,10): error TS2305: Module '"react-bootstrap"' has no exported member 'Sizes'.
node_modules/@types/react-bootstrap/lib/ButtonToolbar.d.ts(2,10): error TS2305: Module '"react-bootstrap"' has no exported member 'Sizes'.
node_modules/@types/react-bootstrap/lib/Carousel.d.ts(2,10): error TS2305: Module '"react-bootstrap"' has no exported member 'Omit'.
node_modules/@types/react-bootstrap/lib/Carousel.d.ts(2,16): error TS2305: Module '"react-bootstrap"' has no exported member 'Sizes'.
node_modules/@types/react-bootstrap/lib/Carousel.d.ts(2,23): error TS2305: Module '"react-bootstrap"' has no exported member 'SelectCallback'.
node_modules/@types/react-bootstrap/lib/Collapse.d.ts(2,10): error TS2305: Module '"react-bootstrap"' has no exported member 'TransitionCallbacks'.
node_modules/@types/react-bootstrap/lib/Dropdown.d.ts(2,10): error TS2305: Module '"react-bootstrap"' has no exported member 'SelectCallback'.
node_modules/@types/react-bootstrap/lib/DropdownButton.d.ts(2,10): error TS2305: Module '"react-bootstrap"' has no exported member 'Sizes'.
node_modules/@types/react-bootstrap/lib/DropdownButton.d.ts(2,17): error TS2305: Module '"react-bootstrap"' has no exported member 'Omit'.
node_modules/@types/react-bootstrap/lib/DropdownMenu.d.ts(2,10): error TS2305: Module '"react-bootstrap"' has no exported member 'SelectCallback'.
node_modules/@types/react-bootstrap/lib/Fade.d.ts(2,10): error TS2305: Module '"react-bootstrap"' has no exported member 'TransitionCallbacks'.
node_modules/@types/react-bootstrap/lib/FormControl.d.ts(2,10): error TS2305: Module '"react-bootstrap"' has no exported member 'Sizes'.
node_modules/@types/react-bootstrap/lib/FormGroup.d.ts(2,10): error TS2305: Module '"react-bootstrap"' has no exported member 'Sizes'.
node_modules/@types/react-bootstrap/lib/InputGroup.d.ts(2,10): error TS2305: Module '"react-bootstrap"' has no exported member 'Sizes'.
node_modules/@types/react-bootstrap/lib/Label.d.ts(2,10): error TS2305: Module '"react-bootstrap"' has no exported member 'Sizes'.
node_modules/@types/react-bootstrap/lib/ListGroupItem.d.ts(2,10): error TS2305: Module '"react-bootstrap"' has no exported member 'Sizes'.
node_modules/@types/react-bootstrap/lib/MenuItem.d.ts(2,10): error TS2305: Module '"react-bootstrap"' has no exported member 'SelectCallback'.
node_modules/@types/react-bootstrap/lib/Modal.d.ts(2,10): error TS2305: Module '"react-bootstrap"' has no exported member 'Sizes'.
node_modules/@types/react-bootstrap/lib/Modal.d.ts(2,17): error TS2305: Module '"react-bootstrap"' has no exported member 'TransitionCallbacks'.
node_modules/@types/react-bootstrap/lib/ModalDialog.d.ts(2,10): error TS2305: Module '"react-bootstrap"' has no exported member 'Sizes'.
node_modules/@types/react-bootstrap/lib/Nav.d.ts(2,10): error TS2305: Module '"react-bootstrap"' has no exported member 'Sizes'.
node_modules/@types/react-bootstrap/lib/Navbar.d.ts(2,10): error TS2305: Module '"react-bootstrap"' has no exported member 'Sizes'.
node_modules/@types/react-bootstrap/lib/NavDropdown.d.ts(2,10): error TS2305: Module '"react-bootstrap"' has no exported member 'Omit'.
node_modules/@types/react-bootstrap/lib/NavItem.d.ts(2,10): error TS2305: Module '"react-bootstrap"' has no exported member 'Sizes'.
node_modules/@types/react-bootstrap/lib/NavItem.d.ts(2,17): error TS2305: Module '"react-bootstrap"' has no exported member 'SelectCallback'.
node_modules/@types/react-bootstrap/lib/Overlay.d.ts(2,10): error TS2305: Module '"react-bootstrap"' has no exported member 'TransitionCallbacks'.
node_modules/@types/react-bootstrap/lib/Pager.d.ts(2,10): error TS2305: Module '"react-bootstrap"' has no exported member 'SelectCallback'.
node_modules/@types/react-bootstrap/lib/PagerItem.d.ts(2,10): error TS2305: Module '"react-bootstrap"' has no exported member 'SelectCallback'.
node_modules/@types/react-bootstrap/lib/Pagination.d.ts(2,10): error TS2305: Module '"react-bootstrap"' has no exported member 'Sizes'.
node_modules/@types/react-bootstrap/lib/Pagination.d.ts(2,17): error TS2305: Module '"react-bootstrap"' has no exported member 'SelectCallback'.
node_modules/@types/react-bootstrap/lib/PaginationEllipsis.d.ts(2,10): error TS2305: Module '"react-bootstrap"' has no exported member 'SelectCallback'.
node_modules/@types/react-bootstrap/lib/PaginationFirst.d.ts(2,10): error TS2305: Module '"react-bootstrap"' has no exported member 'SelectCallback'.
node_modules/@types/react-bootstrap/lib/PaginationItem.d.ts(2,10): error TS2305: Module '"react-bootstrap"' has no exported member 'SelectCallback'.
node_modules/@types/react-bootstrap/lib/PaginationLast.d.ts(2,10): error TS2305: Module '"react-bootstrap"' has no exported member 'SelectCallback'.
node_modules/@types/react-bootstrap/lib/PaginationNext.d.ts(2,10): error TS2305: Module '"react-bootstrap"' has no exported member 'SelectCallback'.
node_modules/@types/react-bootstrap/lib/PaginationPrev.d.ts(2,10): error TS2305: Module '"react-bootstrap"' has no exported member 'SelectCallback'.
node_modules/@types/react-bootstrap/lib/Panel.d.ts(2,10): error TS2305: Module '"react-bootstrap"' has no exported member 'TransitionCallbacks'.
node_modules/@types/react-bootstrap/lib/Panel.d.ts(2,31): error TS2305: Module '"react-bootstrap"' has no exported member 'Sizes'.
node_modules/@types/react-bootstrap/lib/Panel.d.ts(2,38): error TS2305: Module '"react-bootstrap"' has no exported member 'SelectCallback'.
node_modules/@types/react-bootstrap/lib/PanelBody.d.ts(2,10): error TS2305: Module '"react-bootstrap"' has no exported member 'SelectCallback'.
node_modules/@types/react-bootstrap/lib/PanelCollapse.d.ts(2,10): error TS2305: Module '"react-bootstrap"' has no exported member 'SelectCallback'.
node_modules/@types/react-bootstrap/lib/PanelFooter.d.ts(2,10): error TS2305: Module '"react-bootstrap"' has no exported member 'SelectCallback'.
node_modules/@types/react-bootstrap/lib/PanelGroup.d.ts(2,10): error TS2305: Module '"react-bootstrap"' has no exported member 'Sizes'.
node_modules/@types/react-bootstrap/lib/PanelGroup.d.ts(2,17): error TS2305: Module '"react-bootstrap"' has no exported member 'SelectCallback'.
node_modules/@types/react-bootstrap/lib/PanelHeading.d.ts(2,10): error TS2305: Module '"react-bootstrap"' has no exported member 'SelectCallback'.
node_modules/@types/react-bootstrap/lib/PanelTitle.d.ts(2,10): error TS2305: Module '"react-bootstrap"' has no exported member 'SelectCallback'.
node_modules/@types/react-bootstrap/lib/PanelToggle.d.ts(2,10): error TS2305: Module '"react-bootstrap"' has no exported member 'SelectCallback'.
node_modules/@types/react-bootstrap/lib/Popover.d.ts(2,10): error TS2305: Module '"react-bootstrap"' has no exported member 'Sizes'.
node_modules/@types/react-bootstrap/lib/Popover.d.ts(2,17): error TS2305: Module '"react-bootstrap"' has no exported member 'Omit'.
node_modules/@types/react-bootstrap/lib/ProgressBar.d.ts(2,10): error TS2305: Module '"react-bootstrap"' has no exported member 'Sizes'.
node_modules/@types/react-bootstrap/lib/ProgressBar.d.ts(2,17): error TS2305: Module '"react-bootstrap"' has no exported member 'Omit'.
node_modules/@types/react-bootstrap/lib/SplitButton.d.ts(2,10): error TS2305: Module '"react-bootstrap"' has no exported member 'Sizes'.
node_modules/@types/react-bootstrap/lib/SplitButton.d.ts(2,17): error TS2305: Module '"react-bootstrap"' has no exported member 'Omit'.
node_modules/@types/react-bootstrap/lib/Tab.d.ts(2,10): error TS2305: Module '"react-bootstrap"' has no exported member 'TransitionCallbacks'.
node_modules/@types/react-bootstrap/lib/Tab.d.ts(2,31): error TS2305: Module '"react-bootstrap"' has no exported member 'Omit'.
node_modules/@types/react-bootstrap/lib/TabPane.d.ts(2,10): error TS2305: Module '"react-bootstrap"' has no exported member 'TransitionCallbacks'.
node_modules/@types/react-bootstrap/lib/Tabs.d.ts(2,10): error TS2305: Module '"react-bootstrap"' has no exported member 'SelectCallback'.
node_modules/@types/react-bootstrap/lib/Thumbnail.d.ts(2,10): error TS2305: Module '"react-bootstrap"' has no exported member 'Sizes'.
node_modules/@types/react-bootstrap/lib/ToggleButton.d.ts(11,85): error TS2503: Cannot find namespace 'Button'.
node_modules/@types/react-bootstrap/lib/ToggleButtonGroup.d.ts(34,12): error TS2503: Cannot find namespace 'ButtonGroup'.
node_modules/@types/react-bootstrap/lib/Tooltip.d.ts(2,10): error TS2305: Module '"react-bootstrap"' has no exported member 'Sizes'.
node_modules/@types/react-bootstrap/lib/Well.d.ts(2,10): error TS2305: Module '"react-bootstrap"' has no exported member 'Sizes'.
